0 info it worked if it ends with ok
1 verbose cli [ 'node', '/usr/local/bin/npm', 'run', 'build' ]
2 info using npm@2.1.7
3 info using node@v0.10.32
4 verbose run-script [ 'prebuild', 'build', 'postbuild' ]
5 info prebuild quizy@0.1.0
6 info build quizy@0.1.0
7 verbose unsafe-perm in lifecycle true
8 info quizy@0.1.0 Failed to exec build script
9 verbose stack Error: quizy@0.1.0 build: `browserify djangoapps/app/app.js -o > djangoapps/app/assets/app.js`
9 verbose stack Exit status 1
9 verbose stack     at ChildProcess.<anonymous> (/usr/local/lib/node_modules/npm/lib/utils/lifecycle.js:212:16)
9 verbose stack     at ChildProcess.emit (events.js:98:17)
9 verbose stack     at maybeClose (child_process.js:756:16)
9 verbose stack     at Process.ChildProcess._handle.onexit (child_process.js:823:5)
10 verbose pkgid quizy@0.1.0
11 verbose cwd /Users/denis/Documents/Work/MyProg/quizy/djangoapps
12 error Darwin 14.4.0
13 error argv "node" "/usr/local/bin/npm" "run" "build"
14 error node v0.10.32
15 error npm  v2.1.7
16 error code ELIFECYCLE
17 error quizy@0.1.0 build: `browserify djangoapps/app/app.js -o > djangoapps/app/assets/app.js`
17 error Exit status 1
18 error Failed at the quizy@0.1.0 build script.
18 error This is most likely a problem with the quizy package,
18 error not with npm itself.
18 error Tell the author that this fails on your system:
18 error     browserify djangoapps/app/app.js -o > djangoapps/app/assets/app.js
18 error You can get their info via:
18 error     npm owner ls quizy
18 error There is likely additional logging output above.
19 verbose exit [ 1, true ]
